<?xml version="1.0" encoding="UTF-8" ?>
<testsuite tests="31" failures="0" name="BC03.P2.AppTest" time="0.011" errors="0" skipped="0">
  <properties>
    <property name="jansi.mode" value="force"/>
    <property name="java.runtime.name" value="Java(TM) SE Runtime Environment"/>
    <property name="sun.boot.library.path" value="C:\Program Files\Java\jdk1.8.0_351\jre\bin"/>
    <property name="java.vm.version" value="25.351-b10"/>
    <property name="java.vm.vendor" value="Oracle Corporation"/>
    <property name="maven.multiModuleProjectDirectory" value="C:\Users\airon\eclipse-workspace\P2"/>
    <property name="java.vendor.url" value="http://java.oracle.com/"/>
    <property name="path.separator" value=";"/>
    <property name="guice.disable.misplaced.annotation.check" value="true"/>
    <property name="java.vm.name" value="Java HotSpot(TM) 64-Bit Server VM"/>
    <property name="file.encoding.pkg" value="sun.io"/>
    <property name="user.script" value=""/>
    <property name="user.country" value="ES"/>
    <property name="sun.java.launcher" value="SUN_STANDARD"/>
    <property name="sun.os.patch.level" value=""/>
    <property name="java.vm.specification.name" value="Java Virtual Machine Specification"/>
    <property name="user.dir" value="C:\Users\airon\eclipse-workspace\P2"/>
    <property name="java.runtime.version" value="1.8.0_351-b10"/>
    <property name="java.awt.graphicsenv" value="sun.awt.Win32GraphicsEnvironment"/>
    <property name="java.endorsed.dirs" value="C:\Program Files\Java\jdk1.8.0_351\jre\lib\endorsed"/>
    <property name="os.arch" value="amd64"/>
    <property name="java.io.tmpdir" value="C:\Users\airon\AppData\Local\Temp\"/>
    <property name="line.separator" value="
"/>
    <property name="java.vm.specification.vendor" value="Oracle Corporation"/>
    <property name="user.variant" value=""/>
    <property name="os.name" value="Windows 10"/>
    <property name="classworlds.conf" value="C:\Users\airon\eclipse-workspace\.metadata\.plugins\org.eclipse.m2e.launching\launches\m2conf6145228107930208795.tmp"/>
    <property name="sun.jnu.encoding" value="Cp1252"/>
    <property name="java.library.path" value="C:\Program Files\Java\jdk1.8.0_351\bin;C:\Windows\Sun\Java\bin;C:\Windows\system32;C:\Windows;C:\Program Files\Common Files\Oracle\Java\javapath;C:\Program Files (x86)\Common Files\Oracle\Java\javapath;C:\ProgramData\Oracle\Java\javapath;C:\Windows\system32;C:\Windows;C:\Windows\System32\Wbem;C:\Windows\System32\WindowsPowerShell\v1.0\;C:\Windows\System32\OpenSSH\;C:\Program Files (x86)\NVIDIA Corporation\PhysX\Common;C:\Program Files\NVIDIA Corporation\NVIDIA NvDLISR;C:\Program Files\dotnet\;C:\Program Files\Git\cmd;C:\Program Files\Java\jdk-19\bin;C:\Users\airon\Downloads\apache-maven-3.8.6-bin\apache-maven-3.8.6\bin;C:\Users\airon\AppData\Local\Microsoft\WindowsApps;;C:\Users\airon\AppData\Local\Programs\Microsoft VS Code\bin;C:\Users\airon\.dotnet\tools;."/>
    <property name="java.specification.name" value="Java Platform API Specification"/>
    <property name="java.class.version" value="52.0"/>
    <property name="sun.management.compiler" value="HotSpot 64-Bit Tiered Compilers"/>
    <property name="os.version" value="10.0"/>
    <property name="user.home" value="C:\Users\airon"/>
    <property name="user.timezone" value="Europe/Paris"/>
    <property name="java.awt.printerjob" value="sun.awt.windows.WPrinterJob"/>
    <property name="java.specification.version" value="1.8"/>
    <property name="file.encoding" value="UTF-8"/>
    <property name="user.name" value="TryKill"/>
    <property name="java.class.path" value="C:\Users\airon\.p2\pool\plugins\org.eclipse.m2e.maven.runtime_3.8.604.20221130-2149\jars\plexus-classworlds-2.6.0.jar"/>
    <property name="java.vm.specification.version" value="1.8"/>
    <property name="sun.arch.data.model" value="64"/>
    <property name="java.home" value="C:\Program Files\Java\jdk1.8.0_351\jre"/>
    <property name="sun.java.command" value="org.codehaus.plexus.classworlds.launcher.Launcher -B -Dstyle.color=always site:site"/>
    <property name="java.specification.vendor" value="Oracle Corporation"/>
    <property name="user.language" value="es"/>
    <property name="awt.toolkit" value="sun.awt.windows.WToolkit"/>
    <property name="java.vm.info" value="mixed mode"/>
    <property name="java.version" value="1.8.0_351"/>
    <property name="java.ext.dirs" value="C:\Program Files\Java\jdk1.8.0_351\jre\lib\ext;C:\Windows\Sun\Java\lib\ext"/>
    <property name="sun.boot.class.path" value="C:\Program Files\Java\jdk1.8.0_351\jre\lib\resources.jar;C:\Program Files\Java\jdk1.8.0_351\jre\lib\rt.jar;C:\Program Files\Java\jdk1.8.0_351\jre\lib\jsse.jar;C:\Program Files\Java\jdk1.8.0_351\jre\lib\jce.jar;C:\Program Files\Java\jdk1.8.0_351\jre\lib\charsets.jar;C:\Program Files\Java\jdk1.8.0_351\jre\lib\jfr.jar;C:\Program Files\Java\jdk1.8.0_351\jre\classes"/>
    <property name="java.vendor" value="Oracle Corporation"/>
    <property name="java.specification.maintenance.version" value="4"/>
    <property name="maven.home" value="C:\Users\airon\eclipse-workspace\P2\EMBEDDED"/>
    <property name="style.color" value="always"/>
    <property name="file.separator" value="\"/>
    <property name="java.vendor.url.bug" value="http://bugreport.sun.com/bugreport/"/>
    <property name="sun.cpu.endian" value="little"/>
    <property name="sun.io.unicode.encoding" value="UnicodeLittle"/>
    <property name="m2e.build.project.data.socket.port" value="50790"/>
    <property name="sun.desktop" value="windows"/>
    <property name="sun.cpu.isalist" value="amd64"/>
  </properties>
  <testcase classname="BC03.P2.AppTest" name="pairWiseTest1" time="0.007"/>
  <testcase classname="BC03.P2.AppTest" name="pairWiseTest2" time="0"/>
  <testcase classname="BC03.P2.AppTest" name="pairWiseTest3" time="0"/>
  <testcase classname="BC03.P2.AppTest" name="pairWiseTest4" time="0"/>
  <testcase classname="BC03.P2.AppTest" name="pairWiseTest5" time="0"/>
  <testcase classname="BC03.P2.AppTest" name="pairWiseTest6" time="0"/>
  <testcase classname="BC03.P2.AppTest" name="eachUseTest1" time="0"/>
  <testcase classname="BC03.P2.AppTest" name="eachUseTest2" time="0"/>
  <testcase classname="BC03.P2.AppTest" name="eachUseTest3" time="0"/>
  <testcase classname="BC03.P2.AppTest" name="eachUseTest4" time="0"/>
  <testcase classname="BC03.P2.AppTest" name="eachUseTest5" time="0.001"/>
  <testcase classname="BC03.P2.AppTest" name="eachUseTest6" time="0"/>
  <testcase classname="BC03.P2.AppTest" name="mc_dcTest1" time="0"/>
  <testcase classname="BC03.P2.AppTest" name="mc_dcTest2" time="0"/>
  <testcase classname="BC03.P2.AppTest" name="mc_dcTest3" time="0"/>
  <testcase classname="BC03.P2.AppTest" name="mc_dcTest4" time="0.001"/>
  <testcase classname="BC03.P2.AppTest" name="mc_dcTest5" time="0"/>
  <testcase classname="BC03.P2.AppTest" name="mc_dcTest6" time="0"/>
  <testcase classname="BC03.P2.AppTest" name="mc_dcTest7" time="0"/>
  <testcase classname="BC03.P2.AppTest" name="mc_dcTest8" time="0"/>
  <testcase classname="BC03.P2.AppTest" name="mc_dcTest9" time="0.001"/>
  <testcase classname="BC03.P2.AppTest" name="decisionCoverageTest10" time="0"/>
  <testcase classname="BC03.P2.AppTest" name="decisionCoverageTest1" time="0"/>
  <testcase classname="BC03.P2.AppTest" name="decisionCoverageTest2" time="0"/>
  <testcase classname="BC03.P2.AppTest" name="decisionCoverageTest3" time="0"/>
  <testcase classname="BC03.P2.AppTest" name="decisionCoverageTest4" time="0"/>
  <testcase classname="BC03.P2.AppTest" name="decisionCoverageTest5" time="0"/>
  <testcase classname="BC03.P2.AppTest" name="decisionCoverageTest6" time="0"/>
  <testcase classname="BC03.P2.AppTest" name="decisionCoverageTest7" time="0"/>
  <testcase classname="BC03.P2.AppTest" name="decisionCoverageTest8" time="0"/>
  <testcase classname="BC03.P2.AppTest" name="decisionCoverageTest9" time="0.001"/>
</testsuite>